WARNING: --strip-extras is becoming the default in version 8.0.0. To silence this warning, either use --strip-extras to opt into the new default or use --no-strip-extras to retain the existing behavior.
#
# This file is autogenerated by pip-compile with Python 3.12
# by the following command:
#
#    pip-compile requirements-dev.in
#
argcomplete==3.6.2
    # via commitizen
babel==2.17.0
    # via mkdocs-material
backrefs==5.8
    # via mkdocs-material
bandit==1.8.3
    # via -r requirements-dev.in
beautifulsoup4==4.13.4
    # via
    #   -r D:\git\sentiment_data_poller\requirements.in
    #   snscrape
black==24.10.0
    # via -r requirements-dev.in
boto3==1.38.29
    # via -r D:\git\sentiment_data_poller\requirements.in
botocore==1.38.29
    # via
    #   boto3
    #   s3transfer
cachetools==5.5.2
    # via google-auth
certifi==2025.4.26
    # via requests
charset-normalizer==3.4.2
    # via
    #   commitizen
    #   requests
click==8.2.1
    # via
    #   black
    #   deptry
    #   mkdocs
colorama==0.4.6
    # via
    #   bandit
    #   click
    #   commitizen
    #   deptry
    #   loguru
    #   mkdocs
    #   mkdocs-material
    #   pytest
commitizen==4.8.2
    # via -r requirements-dev.in
contourpy==1.3.2
    # via matplotlib
coverage[toml]==7.8.2
    # via pytest-cov
cycler==0.12.1
    # via matplotlib
decli==0.6.3
    # via commitizen
defusedxml==0.7.1
    # via youtube-transcript-api
deptry==0.23.0
    # via -r requirements-dev.in
feedparser==6.0.11
    # via -r D:\git\sentiment_data_poller\requirements.in
filelock==3.18.0
    # via snscrape
flake8==7.2.0
    # via -r requirements-dev.in
fonttools==4.58.1
    # via matplotlib
ghp-import==2.1.0
    # via mkdocs
google-api-core==2.25.0
    # via google-api-python-client
google-api-python-client==2.171.0
    # via -r D:\git\sentiment_data_poller\requirements.in
google-auth==2.40.2
    # via
    #   google-api-core
    #   google-api-python-client
    #   google-auth-httplib2
google-auth-httplib2==0.2.0
    # via google-api-python-client
googleapis-common-protos==1.70.0
    # via google-api-core
httplib2==0.22.0
    # via
    #   google-api-python-client
    #   google-auth-httplib2
hvac==1.2.1
    # via -r D:\git\sentiment_data_poller\requirements.in
idna==3.10
    # via requests
iniconfig==2.1.0
    # via pytest
jinja2==3.1.6
    # via
    #   commitizen
    #   mkdocs
    #   mkdocs-material
jmespath==1.0.1
    # via
    #   boto3
    #   botocore
kiwisolver==1.4.8
    # via matplotlib
loguru==0.7.3
    # via -r D:\git\sentiment_data_poller\requirements.in
lxml==5.4.0
    # via snscrape
markdown==3.8
    # via
    #   mkdocs
    #   mkdocs-material
    #   pymdown-extensions
markdown-it-py==3.0.0
    # via rich
markupsafe==3.0.2
    # via
    #   jinja2
    #   mkdocs
matplotlib==3.10.3
    # via -r D:\git\sentiment_data_poller\requirements.in
mccabe==0.7.0
    # via flake8
mdurl==0.1.2
    # via markdown-it-py
mergedeep==1.3.4
    # via
    #   mkdocs
    #   mkdocs-get-deps
mkdocs==1.6.1
    # via
    #   -r requirements-dev.in
    #   mkdocs-material
mkdocs-get-deps==0.2.0
    # via mkdocs
mkdocs-material==9.6.14
    # via -r requirements-dev.in
mkdocs-material-extensions==1.3.1
    # via mkdocs-material
mypy==1.16.0
    # via -r requirements-dev.in
mypy-extensions==1.1.0
    # via
    #   black
    #   mypy
newsapi-python==0.2.7
    # via -r D:\git\sentiment_data_poller\requirements.in
numpy==1.26.4
    # via
    #   -r D:\git\sentiment_data_poller\requirements.in
    #   contourpy
    #   matplotlib
    #   pandas
    #   scipy
oauthlib==3.2.2
    # via
    #   requests-oauthlib
    #   tweepy
packaging==25.0
    # via
    #   black
    #   commitizen
    #   deptry
    #   matplotlib
    #   mkdocs
    #   pytest
    #   requirements-parser
paginate==0.5.7
    # via mkdocs-material
pandas==2.2.3
    # via -r D:\git\sentiment_data_poller\requirements.in
pathspec==0.12.1
    # via
    #   black
    #   mkdocs
    #   mypy
pbr==6.1.1
    # via stevedore
pika==1.3.2
    # via -r D:\git\sentiment_data_poller\requirements.in
pillow==11.2.1
    # via matplotlib
platformdirs==4.3.8
    # via
    #   black
    #   mkdocs-get-deps
pluggy==1.6.0
    # via pytest
praw==7.8.1
    # via -r D:\git\sentiment_data_poller\requirements.in
prawcore==2.4.0
    # via praw
prompt-toolkit==3.0.51
    # via questionary
proto-plus==1.26.1
    # via google-api-core
protobuf==6.31.1
    # via
    #   google-api-core
    #   googleapis-common-protos
    #   proto-plus
pyasn1==0.6.1
    # via
    #   pyasn1-modules
    #   rsa
pyasn1-modules==0.4.2
    # via google-auth
pycodestyle==2.13.0
    # via flake8
pyflakes==3.3.2
    # via flake8
pygments==2.19.1
    # via
    #   mkdocs-material
    #   pytest
    #   rich
pyhcl==0.4.5
    # via hvac
pymdown-extensions==10.15
    # via mkdocs-material
pyparsing==3.2.3
    # via
    #   httplib2
    #   matplotlib
pysocks==1.7.1
    # via requests
pytest==8.4.0
    # via
    #   -r requirements-dev.in
    #   pytest-cov
pytest-cov==4.1.0
    # via -r requirements-dev.in
python-dateutil==2.9.0.post0
    # via
    #   botocore
    #   ghp-import
    #   matplotlib
    #   pandas
python-dotenv==1.1.0
    # via -r D:\git\sentiment_data_poller\requirements.in
pytz==2025.2
    # via pandas
pyyaml==6.0.2
    # via
    #   bandit
    #   commitizen
    #   mkdocs
    #   mkdocs-get-deps
    #   pymdown-extensions
    #   pyyaml-env-tag
pyyaml-env-tag==1.1
    # via mkdocs
questionary==2.1.0
    # via commitizen
requests[socks]==2.32.3
    # via
    #   -r D:\git\sentiment_data_poller\requirements.in
    #   google-api-core
    #   hvac
    #   mkdocs-material
    #   newsapi-python
    #   prawcore
    #   requests-oauthlib
    #   snscrape
    #   tweepy
    #   update-checker
    #   youtube-transcript-api
requests-oauthlib==2.0.0
    # via tweepy
requirements-parser==0.13.0
    # via deptry
rich==14.0.0
    # via bandit
rsa==4.9.1
    # via google-auth
ruff==0.11.12
    # via -r requirements-dev.in
s3transfer==0.13.0
    # via boto3
scipy==1.15.3
    # via -r D:\git\sentiment_data_poller\requirements.in
sgmllib3k==1.0.0
    # via feedparser
six==1.17.0
    # via python-dateutil
snscrape==0.7.0.20230622
    # via -r D:\git\sentiment_data_poller\requirements.in
soupsieve==2.7
    # via beautifulsoup4
stevedore==5.4.1
    # via bandit
tenacity==8.5.0
    # via -r D:\git\sentiment_data_poller\requirements.in
termcolor==2.3.0
    # via
    #   -r requirements-dev.in
    #   commitizen
tomlkit==0.13.2
    # via commitizen
tweepy==4.15.0
    # via -r D:\git\sentiment_data_poller\requirements.in
typing-extensions==4.14.0
    # via
    #   beautifulsoup4
    #   mypy
tzdata==2025.2
    # via pandas
update-checker==0.18.0
    # via praw
uritemplate==4.2.0
    # via google-api-python-client
urllib3==2.4.0
    # via
    #   botocore
    #   requests
watchdog==6.0.0
    # via mkdocs
wcwidth==0.2.13
    # via prompt-toolkit
websocket-client==1.8.0
    # via praw
win32-setctime==1.2.0
    # via loguru
youtube-transcript-api==1.0.3
    # via -r D:\git\sentiment_data_poller\requirements.in

# The following packages are considered to be unsafe in a requirements file:
# setuptools
